<?xml version="1.0" encoding="UTF-8"?>
<!-- Generated by org.testng.reporters.JUnitReportReporter -->
<testsuite hostname="INBAWN154893" failures="0" tests="1" name="com.test.FormDownloaderTest" time="941.856" errors="0" timestamp="2023-07-12T11:05:51 IST" skipped="0">
  <testcase classname="com.test.FormDownloaderTest" name="testFormDownload" time="941.856"/>
  <system-out/>
</testsuite> <!-- com.test.FormDownloaderTest -->
