<?xml version="1.0" encoding="UTF-8"?>
<!-- Generated by org.testng.reporters.JUnitReportReporter -->
<testsuite hostname="INBAWN154893" failures="0" tests="1" name="com.test.FormDownloaderTest2" time="1771.896" errors="0" timestamp="2023-07-11T21:25:45 IST" skipped="0">
  <testcase classname="com.test.FormDownloaderTest2" name="testFormDownload" time="1771.896"/>
  <system-out/>
</testsuite> <!-- com.test.FormDownloaderTest2 -->
