<?xml version="1.0" encoding="UTF-8"?>
<!-- Generated by org.testng.reporters.JUnitReportReporter -->
<testsuite hostname="INBAWN154893" failures="0" tests="1" name="com.test.FormDownloaderTest" time="619.474" errors="0" timestamp="2023-06-29T15:46:55 IST" skipped="0">
  <testcase classname="com.test.FormDownloaderTest" name="testFormDownload" time="619.474"/>
  <system-out/>
</testsuite> <!-- com.test.FormDownloaderTest -->
