<?xml version="1.0" encoding="UTF-8"?>
<!-- Generated by org.testng.reporters.JUnitReportReporter -->
<testsuite hostname="INBAWN154893" failures="0" tests="1" name="com.test.FormDownloaderTest" time="2360.823" errors="0" timestamp="2023-07-11T09:23:35 IST" skipped="0">
  <testcase classname="com.test.FormDownloaderTest" name="testFormDownload" time="2360.823"/>
  <system-out/>
</testsuite> <!-- com.test.FormDownloaderTest -->
